This file contains any messages produced by compilers while
running configure, to aid debugging if configure makes a mistake.

It was created by webdot configure 2.30, which was
generated by GNU Autoconf 2.68.  Invocation command line was

  $ ./configure 

## --------- ##
## Platform. ##
## --------- ##

hostname = darren-Inspiron-15-3567
uname -m = x86_64
uname -r = 4.13.0-38-generic
uname -s = Linux
uname -v = #43-Ubuntu SMP Wed Mar 14 15:20:44 UTC 2018

/usr/bin/uname -p = unknown
/bin/uname -X     = unknown

/bin/arch              = unknown
/usr/bin/arch -k       = unknown
/usr/convex/getsysinfo = unknown
/usr/bin/hostinfo      = unknown
/bin/machine           = unknown
/usr/bin/oslevel       = unknown
/bin/universe          = unknown

PATH: /usr/local/sbin
PATH: /usr/local/bin
PATH: /usr/sbin
PATH: /usr/bin
PATH: /sbin
PATH: /bin
PATH: /usr/games
PATH: /usr/local/games


## ----------- ##
## Core tests. ##
## ----------- ##

configure:1708: checking build system type
configure:1722: result: x86_64-unknown-linux-gnu
configure:1742: checking host system type
configure:1755: result: x86_64-unknown-linux-gnu
configure:1775: checking target system type
configure:1788: result: x86_64-unknown-linux-gnu
configure:1844: checking for a BSD-compatible install
configure:1912: result: /usr/bin/install -c
configure:1923: checking whether ln -s works
configure:1927: result: yes
configure:2096: creating ./config.status

## ---------------------- ##
## Running config.status. ##
## ---------------------- ##

This file was extended by webdot config.status 2.30, which was
generated by GNU Autoconf 2.68.  Invocation command line was

  CONFIG_FILES    = 
  CONFIG_HEADERS  = 
  CONFIG_LINKS    = 
  CONFIG_COMMANDS = 
  $ ./config.status 

on darren-Inspiron-15-3567

config.status:745: creating Makefile
config.status:745: creating webdot.spec

## ---------------- ##
## Cache variables. ##
## ---------------- ##

ac_cv_build=x86_64-unknown-linux-gnu
ac_cv_env_build_alias_set=
ac_cv_env_build_alias_value=
ac_cv_env_host_alias_set=
ac_cv_env_host_alias_value=
ac_cv_env_target_alias_set=
ac_cv_env_target_alias_value=
ac_cv_host=x86_64-unknown-linux-gnu
ac_cv_path_install='/usr/bin/install -c'
ac_cv_target=x86_64-unknown-linux-gnu

## ----------------- ##
## Output variables. ##
## ----------------- ##

BUILDDATE='Sat Apr 14 10:28:27 UTC 2018'
BUILD_DIR='/home/darren/Desktop/Software/webdot-2.30'
DEFS='-DPACKAGE_NAME=\"webdot\" -DPACKAGE_TARNAME=\"webdot\" -DPACKAGE_VERSION=\"2.30\" -DPACKAGE_STRING=\"webdot\ 2.30\" -DPACKAGE_BUGREPORT=\"\" -DPACKAGE_URL=\"\" -DBUILDDATE=\"Sat\ Apr\ 14\ 10:28:27\ UTC\ 2018\"'
ECHO_C=''
ECHO_N='-n'
ECHO_T=''
INSTALL_DATA='${INSTALL} -m 644'
INSTALL_PROGRAM='${INSTALL}'
INSTALL_SCRIPT='${INSTALL}'
LIBOBJS=''
LIBS=''
LN_S='ln -s'
LTLIBOBJS=''
PACKAGE_BUGREPORT=''
PACKAGE_NAME='webdot'
PACKAGE_STRING='webdot 2.30'
PACKAGE_TARNAME='webdot'
PACKAGE_URL=''
PACKAGE_VERSION='2.30'
PATH_SEPARATOR=':'
SHELL='/bin/bash'
TOP_DIR='/home/darren/Desktop/Software/webdot-2.30'
bindir='${exec_prefix}/bin'
build='x86_64-unknown-linux-gnu'
build_alias=''
build_cpu='x86_64'
build_os='linux-gnu'
build_vendor='unknown'
datadir='${datarootdir}'
datarootdir='${prefix}/share'
docdir='${datarootdir}/doc/${PACKAGE_TARNAME}'
dvidir='${docdir}'
exec_prefix='${prefix}'
host='x86_64-unknown-linux-gnu'
host_alias=''
host_cpu='x86_64'
host_os='linux-gnu'
host_vendor='unknown'
htmldir='${docdir}'
includedir='${prefix}/include'
infodir='${datarootdir}/info'
libdir='${exec_prefix}/lib'
libexecdir='${exec_prefix}/libexec'
localedir='${datarootdir}/locale'
localstatedir='${prefix}/var'
mandir='${datarootdir}/man'
oldincludedir='/usr/include'
pdfdir='${docdir}'
prefix='/usr/local'
program_transform_name='s,x,x,'
psdir='${docdir}'
sbindir='${exec_prefix}/sbin'
sharedstatedir='${prefix}/com'
sysconfdir='${prefix}/etc'
target='x86_64-unknown-linux-gnu'
target_alias=''
target_cpu='x86_64'
target_os='linux-gnu'
target_vendor='unknown'

## ----------- ##
## confdefs.h. ##
## ----------- ##

/* confdefs.h */
#define PACKAGE_NAME "webdot"
#define PACKAGE_TARNAME "webdot"
#define PACKAGE_VERSION "2.30"
#define PACKAGE_STRING "webdot 2.30"
#define PACKAGE_BUGREPORT ""
#define PACKAGE_URL ""
#define BUILDDATE "Sat Apr 14 10:28:27 UTC 2018"

configure: exit 0
